e:\hosts\redis-2.8\redis-2.8\src\win32_interop\x64\debug\vc120.pdb
e:\hosts\redis-2.8\redis-2.8\src\win32_interop\x64\debug\vc120.idb
e:\hosts\redis-2.8\redis-2.8\src\win32_interop\x64\debug\win32fixes.obj
e:\hosts\redis-2.8\redis-2.8\src\win32_interop\x64\debug\win32_ansi.obj
e:\hosts\redis-2.8\redis-2.8\src\win32_interop\x64\debug\win32_dlmalloc.obj
e:\hosts\redis-2.8\redis-2.8\src\win32_interop\x64\debug\win32_qfork_impl.obj
e:\hosts\redis-2.8\redis-2.8\src\win32_interop\x64\debug\win32_redislog.obj
e:\hosts\redis-2.8\redis-2.8\src\win32_interop\x64\debug\win32_threadcontrol.obj
e:\hosts\redis-2.8\redis-2.8\src\win32_interop\x64\debug\win32_util.obj
e:\hosts\redis-2.8\redis-2.8\src\win32_interop\x64\debug\win32_wsiocp.obj
e:\hosts\redis-2.8\redis-2.8\src\win32_interop\x64\debug\win32_commandline.obj
e:\hosts\redis-2.8\redis-2.8\src\win32_interop\x64\debug\win32_common.obj
e:\hosts\redis-2.8\redis-2.8\src\win32_interop\x64\debug\win32_eventlog.obj
e:\hosts\redis-2.8\redis-2.8\src\win32_interop\x64\debug\win32_fdapi.obj
e:\hosts\redis-2.8\redis-2.8\src\win32_interop\x64\debug\win32_fdapi_crt.obj
e:\hosts\redis-2.8\redis-2.8\src\win32_interop\x64\debug\win32_qfork.obj
e:\hosts\redis-2.8\redis-2.8\src\win32_interop\x64\debug\win32_rfdmap.obj
e:\hosts\redis-2.8\redis-2.8\src\win32_interop\x64\debug\win32_service.obj
e:\hosts\redis-2.8\redis-2.8\src\win32_interop\x64\debug\win32_stacktrace.obj
e:\hosts\redis-2.8\redis-2.8\src\win32_interop\x64\debug\win32_variadicfunctor.obj
e:\hosts\redis-2.8\redis-2.8\src\win32_interop\eventlog.h
e:\hosts\redis-2.8\redis-2.8\msvs\x64\debug\win32_interop.lib
e:\hosts\redis-2.8\redis-2.8\src\win32_interop\x64\debug\win32_interop.tlog\cl.command.1.tlog
e:\hosts\redis-2.8\redis-2.8\src\win32_interop\x64\debug\win32_interop.tlog\cl.read.1.tlog
e:\hosts\redis-2.8\redis-2.8\src\win32_interop\x64\debug\win32_interop.tlog\cl.write.1.tlog
e:\hosts\redis-2.8\redis-2.8\src\win32_interop\x64\debug\win32_interop.tlog\custombuild.command.1.tlog
e:\hosts\redis-2.8\redis-2.8\src\win32_interop\x64\debug\win32_interop.tlog\custombuild.read.1.tlog
e:\hosts\redis-2.8\redis-2.8\src\win32_interop\x64\debug\win32_interop.tlog\custombuild.write.1.tlog
e:\hosts\redis-2.8\redis-2.8\src\win32_interop\x64\debug\win32_interop.tlog\lib-link.read.1.tlog
e:\hosts\redis-2.8\redis-2.8\src\win32_interop\x64\debug\win32_interop.tlog\lib-link.write.1.tlog
e:\hosts\redis-2.8\redis-2.8\src\win32_interop\x64\debug\win32_interop.tlog\lib.command.1.tlog
